<?xml version="1.0" encoding="UTF-8"?>
<testsuite name="CompleteMeTest" tests="2" skipped="0" failures="0" errors="0" timestamp="2016-07-04T01:30:59" hostname="Jonathans-MacBook-Pro.local" time="0.006">
  <properties/>
  <testcase name="testHeadNode" classname="CompleteMeTest" time="0.005"/>
  <testcase name="testInsertNode" classname="CompleteMeTest" time="0.0"/>
  <system-out><![CDATA[]]></system-out>
  <system-err><![CDATA[]]></system-err>
</testsuite>
