<?xml version="1.0" encoding="UTF-8"?>
<testsuite name="CompleteMeTest" tests="1" skipped="0" failures="0" errors="0" timestamp="2016-07-03T22:32:14" hostname="Jonathans-MacBook-Pro.local" time="0.006">
  <properties/>
  <testcase name="testHeadNode" classname="CompleteMeTest" time="0.006"/>
  <system-out><![CDATA[]]></system-out>
  <system-err><![CDATA[]]></system-err>
</testsuite>
